<?xml version="1.0" encoding="UTF-8"?>
<!-- Generated by org.testng.reporters.JUnitXMLReporter -->
<testsuite ignored="0" hostname="VIT-N-010" failures="0" tests="3" name="Submit Order Test" time="40.966" errors="0" timestamp="2024-02-16T00:31:10 IST">
  <testcase classname="ShriramAcademy.Tests.SubmitOrderTest" name="submitOrder" time="19.803"/>
  <testcase classname="ShriramAcademy.Tests.SubmitOrderTest" name="submitOrder" time="8.419"/>
  <testcase classname="ShriramAcademy.Tests.SubmitOrderTest" name="OrderHistoryTest" time="1.098"/>
</testsuite> <!-- Submit Order Test -->
