<?xml version="1.0" encoding="UTF-8"?>
<testng-results ignored="0" total="1" passed="1" failed="0" skipped="0">
  <reporter-output>
  </reporter-output>
  <suite started-at="2024-02-01T19:50:01 IST" name="Default suite" finished-at="2024-02-01T19:50:23 IST" duration-ms="22759">
    <groups>
    </groups>
    <test started-at="2024-02-01T19:50:01 IST" name="Default test" finished-at="2024-02-01T19:50:23 IST" duration-ms="22759">
      <class name="ShriramAcademy.Tests.SubmitOrderTest">
        <test-method signature="submitOrder()[pri:0, instance:ShriramAcademy.Tests.SubmitOrderTest@d86a6f]" started-at="2024-02-01T19:50:01 IST" name="submitOrder" finished-at="2024-02-01T19:50:23 IST" duration-ms="22709" status="PASS">
          <reporter-output>
          </reporter-output>
        </test-method> <!-- submitOrder -->
      </class> <!-- ShriramAcademy.Tests.SubmitOrderTest -->
    </test> <!-- Default test -->
  </suite> <!-- Default suite -->
</testng-results>
