<?xml version="1.0" encoding="UTF-8"?>
<testng-results ignored="0" total="2" passed="2" failed="0" skipped="0">
  <reporter-output>
  </reporter-output>
  <suite started-at="2024-02-02T14:11:44 IST" name="Suite" finished-at="2024-02-02T14:12:13 IST" duration-ms="28938">
    <groups>
    </groups>
    <test started-at="2024-02-02T14:11:44 IST" name="Submit Order Test" finished-at="2024-02-02T14:12:09 IST" duration-ms="24841">
      <class name="ShriramAcademy.Tests.SubmitOrderTest">
        <test-method is-config="true" signature="launchApplication()[pri:0, instance:ShriramAcademy.Tests.SubmitOrderTest@27406a17]" started-at="2024-02-02T14:11:44 IST" name="launchApplication" finished-at="2024-02-02T14:11:49 IST" duration-ms="4918" status="PASS">
          <reporter-output>
          </reporter-output>
        </test-method> <!-- launchApplication -->
        <test-method signature="submitOrder()[pri:0, instance:ShriramAcademy.Tests.SubmitOrderTest@27406a17]" started-at="2024-02-02T14:11:49 IST" name="submitOrder" finished-at="2024-02-02T14:12:09 IST" duration-ms="19551" status="PASS">
          <reporter-output>
          </reporter-output>
        </test-method> <!-- submitOrder -->
        <test-method is-config="true" signature="tearDown()[pri:0, instance:ShriramAcademy.Tests.SubmitOrderTest@27406a17]" started-at="2024-02-02T14:12:09 IST" name="tearDown" finished-at="2024-02-02T14:12:09 IST" duration-ms="262" status="PASS">
          <reporter-output>
          </reporter-output>
        </test-method> <!-- tearDown -->
      </class> <!-- ShriramAcademy.Tests.SubmitOrderTest -->
    </test> <!-- Submit Order Test -->
    <test started-at="2024-02-02T14:12:09 IST" name="Error Validations Test" finished-at="2024-02-02T14:12:13 IST" duration-ms="4051">
      <class name="ShriramAcademy.Tests.ErrorValidationsTest">
        <test-method is-config="true" signature="launchApplication()[pri:0, instance:ShriramAcademy.Tests.ErrorValidationsTest@302c971f]" started-at="2024-02-02T14:12:09 IST" name="launchApplication" finished-at="2024-02-02T14:12:12 IST" duration-ms="3059" status="PASS">
          <reporter-output>
          </reporter-output>
        </test-method> <!-- launchApplication -->
        <test-method signature="submitOrder()[pri:0, instance:ShriramAcademy.Tests.ErrorValidationsTest@302c971f]" started-at="2024-02-02T14:12:12 IST" name="submitOrder" finished-at="2024-02-02T14:12:13 IST" duration-ms="754" status="PASS">
          <reporter-output>
          </reporter-output>
        </test-method> <!-- submitOrder -->
        <test-method is-config="true" signature="tearDown()[pri:0, instance:ShriramAcademy.Tests.ErrorValidationsTest@302c971f]" started-at="2024-02-02T14:12:13 IST" name="tearDown" finished-at="2024-02-02T14:12:13 IST" duration-ms="232" status="PASS">
          <reporter-output>
          </reporter-output>
        </test-method> <!-- tearDown -->
      </class> <!-- ShriramAcademy.Tests.ErrorValidationsTest -->
    </test> <!-- Error Validations Test -->
  </suite> <!-- Suite -->
</testng-results>
