<?xml version="1.0" encoding="UTF-8"?>
<!-- Generated by org.testng.reporters.JUnitXMLReporter -->
<testsuite ignored="0" hostname="VIT-N-010" failures="0" tests="3" name="Default test" time="38.113" errors="0" timestamp="2024-04-02T12:35:20 IST">
  <testcase classname="ShriramAcademy.Tests.SubmitOrderTest" name="submitOrder" time="8.373"/>
  <testcase classname="ShriramAcademy.Tests.SubmitOrderTest" name="submitOrder" time="18.944"/>
  <testcase classname="ShriramAcademy.Tests.SubmitOrderTest" name="OrderHistoryTest" time="0.95"/>
</testsuite> <!-- Default test -->
