<?xml version="1.0" encoding="UTF-8"?>
<!-- Generated by org.testng.reporters.JUnitXMLReporter -->
<testsuite ignored="1" hostname="VIT-N-010" failures="0" tests="1" name="Default test" time="27.291" errors="0" timestamp="2024-02-15T23:26:07 IST">
  <testcase classname="ShriramAcademy.Tests.ErrorValidationsTest" name="ProductErrorValidation" time="18.383"/>
  <testcase classname="ShriramAcademy.Tests.ErrorValidationsTest" name="LoginErrorValidation" time="0.0">
    <ignored/>
  </testcase> <!-- LoginErrorValidation -->
</testsuite> <!-- Default test -->
