<?xml version="1.0" encoding="UTF-8"?>
<!-- Generated by org.testng.reporters.JUnitXMLReporter -->
<testsuite ignored="1" hostname="VIT-N-010" failures="0" tests="2" name="Submit Order Test" time="46.169" errors="0" timestamp="2024-03-13T16:27:40 IST">
  <testcase classname="ShriramAcademy.Tests.SubmitOrderTest" name="submitOrder" time="19.025"/>
  <testcase classname="ShriramAcademy.Tests.SubmitOrderTest" name="submitOrder" time="18.892"/>
  <testcase classname="ShriramAcademy.Tests.SubmitOrderTest" name="OrderHistoryTest" time="0.0">
    <ignored/>
  </testcase> <!-- OrderHistoryTest -->
</testsuite> <!-- Submit Order Test -->
