<?xml version="1.0" encoding="UTF-8"?>
<!-- Generated by org.testng.reporters.JUnitXMLReporter -->
<testsuite ignored="0" hostname="VIT-N-010" failures="0" tests="5" name="Car Loan" time="0.033" errors="0" timestamp="2024-01-24T12:10:02 IST">
  <testcase classname="pacticeTestNg.Day3" name="LoginAPICarloan" time="0.002"/>
  <testcase classname="pacticeTestNg.Day3" name="LoginAPICarloan" time="0.001"/>
  <testcase classname="pacticeTestNg.Day3" name="LoginAPICarloan" time="0.002"/>
  <testcase classname="pacticeTestNg.Day3" name="MobileloginCarLoan" time="0.002"/>
  <testcase classname="pacticeTestNg.Day3" name="WeblogincarLoan" time="0.002"/>
</testsuite> <!-- Car Loan -->
