<?xml version="1.0" encoding="UTF-8"?>
<!-- Generated by org.testng.reporters.JUnitXMLReporter -->
<testsuite ignored="2" hostname="VIT-N-010" failures="0" tests="5" name="personal loon" time="0.098" errors="0" timestamp="2024-01-24T12:10:02 IST">
  <testcase classname="pacticeTestNg.Day1" name="Demo" time="0.009"/>
  <testcase classname="pacticeTestNg.Day2" name="ploan" time="0.003"/>
  <testcase classname="pacticeTestNg.Day4" name="BikeLoan" time="0.012"/>
  <testcase classname="pacticeTestNg.Day4" name="MobileloginHomeLoan" time="0.005"/>
  <testcase classname="pacticeTestNg.Day4" name="LoginAPIHomeloan" time="0.002"/>
  <testcase classname="pacticeTestNg.Day4" name="WebloginHomeLoan" time="0.0">
    <ignored/>
  </testcase> <!-- WebloginHomeLoan -->
  <testcase classname="pacticeTestNg.Day1" name="SecondDemo" time="0.0">
    <ignored/>
  </testcase> <!-- SecondDemo -->
</testsuite> <!-- personal loon -->
