<?xml version="1.0" encoding="UTF-8"?>
<!-- Generated by org.testng.reporters.JUnitXMLReporter -->
<testsuite ignored="5" hostname="VIT-N-010" failures="0" tests="4" name="Regression" time="0.101" errors="0" timestamp="2024-01-23T11:16:12 IST">
  <testcase classname="pacticeTestNg.Day1" name="Demo" time="0.012"/>
  <testcase classname="pacticeTestNg.Day3" name="MobileloginCarLoan" time="0.002"/>
  <testcase classname="pacticeTestNg.Day2" name="ploan" time="0.007"/>
  <testcase classname="pacticeTestNg.Day4" name="MobileloginHomeLoan" time="0.002"/>
  <testcase classname="pacticeTestNg.Day4" name="WebloginHomeLoan" time="0.0">
    <ignored/>
  </testcase> <!-- WebloginHomeLoan -->
  <testcase classname="pacticeTestNg.Day1" name="SecondDemo" time="0.0">
    <ignored/>
  </testcase> <!-- SecondDemo -->
  <testcase classname="pacticeTestNg.Day3" name="WeblogincarLoan" time="0.0">
    <ignored/>
  </testcase> <!-- WeblogincarLoan -->
  <testcase classname="pacticeTestNg.Day4" name="LoginAPIHomeloan" time="0.0">
    <ignored/>
  </testcase> <!-- LoginAPIHomeloan -->
  <testcase classname="pacticeTestNg.Day3" name="LoginAPICarloan" time="0.0">
    <ignored/>
  </testcase> <!-- LoginAPICarloan -->
</testsuite> <!-- Regression -->
