<?xml version="1.0" encoding="UTF-8"?>
<testng-results ignored="0" total="2" passed="2" failed="0" skipped="0">
  <reporter-output>
  </reporter-output>
  <suite started-at="2024-01-29T15:15:59 IST" name="Default suite" finished-at="2024-01-29T15:15:59 IST" duration-ms="148">
    <groups>
    </groups>
    <test started-at="2024-01-29T15:15:59 IST" name="Default test" finished-at="2024-01-29T15:15:59 IST" duration-ms="148">
      <class name="pacticeTestNg.PS1">
        <test-method signature="doThis()[pri:0, instance:pacticeTestNg.PS1@2accdbb5]" started-at="2024-01-29T15:15:59 IST" name="doThis" finished-at="2024-01-29T15:15:59 IST" duration-ms="32" status="PASS">
          <reporter-output>
          </reporter-output>
        </test-method> <!-- doThis -->
        <test-method signature="testRun()[pri:0, instance:pacticeTestNg.PS1@2accdbb5]" started-at="2024-01-29T15:15:59 IST" name="testRun" finished-at="2024-01-29T15:15:59 IST" duration-ms="5" status="PASS">
          <reporter-output>
          </reporter-output>
        </test-method> <!-- testRun -->
      </class> <!-- pacticeTestNg.PS1 -->
    </test> <!-- Default test -->
  </suite> <!-- Default suite -->
</testng-results>
