<?xml version="1.0" encoding="UTF-8"?>
<!-- Generated by org.testng.reporters.JUnitXMLReporter -->
<testsuite ignored="1" hostname="VIT-N-010" failures="0" tests="1" name="Default test" time="18.572" errors="0" timestamp="2024-02-08T11:43:46 IST">
  <testcase classname="ShriramAcademy.Tests.ErrorValidationsTest" name="ProductErrorValidation" time="14.053"/>
  <testcase classname="ShriramAcademy.Tests.ErrorValidationsTest" name="LoginErrorValidation" time="0.0">
    <ignored/>
  </testcase> <!-- LoginErrorValidation -->
</testsuite> <!-- Default test -->
