<?xml version="1.0" encoding="UTF-8"?>
<testng-results ignored="0" total="3" passed="3" failed="0" skipped="0">
  <reporter-output>
  </reporter-output>
  <suite started-at="2024-04-02T12:34:42 IST" name="Default suite" finished-at="2024-04-02T12:35:20 IST" duration-ms="38113">
    <groups>
      <group name="Purchase">
        <method signature="SubmitOrderTest.submitOrder(java.util.HashMap)[pri:0, instance:ShriramAcademy.Tests.SubmitOrderTest@5d0bf09b]" name="submitOrder" class="ShriramAcademy.Tests.SubmitOrderTest"/>
      </group> <!-- Purchase -->
    </groups>
    <test started-at="2024-04-02T12:34:42 IST" name="Default test" finished-at="2024-04-02T12:35:20 IST" duration-ms="38113">
      <class name="ShriramAcademy.Tests.SubmitOrderTest">
        <test-method is-config="true" signature="launchApplication()[pri:0, instance:ShriramAcademy.Tests.SubmitOrderTest@5d0bf09b]" started-at="2024-04-02T12:34:42 IST" name="launchApplication" finished-at="2024-04-02T12:34:46 IST" duration-ms="3591" status="PASS">
          <reporter-output>
          </reporter-output>
        </test-method> <!-- launchApplication -->
        <test-method signature="submitOrder(java.util.HashMap)[pri:0, instance:ShriramAcademy.Tests.SubmitOrderTest@5d0bf09b]" started-at="2024-04-02T12:34:46 IST" name="submitOrder" data-provider="getData" finished-at="2024-04-02T12:34:54 IST" duration-ms="8373" status="PASS">
          <params>
            <param index="0">
              <value>
                <![CDATA[{password=India@123, product=IPHONE 13 PRO, email=webelement@yopmail.com}]]>
              </value>
            </param>
          </params>
          <reporter-output>
          </reporter-output>
        </test-method> <!-- submitOrder -->
        <test-method is-config="true" signature="tearDown()[pri:0, instance:ShriramAcademy.Tests.SubmitOrderTest@5d0bf09b]" started-at="2024-04-02T12:34:54 IST" name="tearDown" finished-at="2024-04-02T12:34:55 IST" duration-ms="367" status="PASS">
          <reporter-output>
          </reporter-output>
        </test-method> <!-- tearDown -->
        <test-method is-config="true" signature="launchApplication()[pri:0, instance:ShriramAcademy.Tests.SubmitOrderTest@5d0bf09b]" started-at="2024-04-02T12:34:55 IST" name="launchApplication" finished-at="2024-04-02T12:34:57 IST" duration-ms="2254" status="PASS">
          <reporter-output>
          </reporter-output>
        </test-method> <!-- launchApplication -->
        <test-method signature="submitOrder(java.util.HashMap)[pri:0, instance:ShriramAcademy.Tests.SubmitOrderTest@5d0bf09b]" started-at="2024-04-02T12:34:57 IST" name="submitOrder" data-provider="getData" finished-at="2024-04-02T12:35:16 IST" duration-ms="18944" status="PASS">
          <params>
            <param index="0">
              <value>
                <![CDATA[{password=Admin@123, product=ZARA COAT 3, email=webdriver@yopmail.com}]]>
              </value>
            </param>
          </params>
          <reporter-output>
          </reporter-output>
        </test-method> <!-- submitOrder -->
        <test-method is-config="true" signature="tearDown()[pri:0, instance:ShriramAcademy.Tests.SubmitOrderTest@5d0bf09b]" started-at="2024-04-02T12:35:16 IST" name="tearDown" finished-at="2024-04-02T12:35:16 IST" duration-ms="359" status="PASS">
          <reporter-output>
          </reporter-output>
        </test-method> <!-- tearDown -->
        <test-method is-config="true" signature="launchApplication()[pri:0, instance:ShriramAcademy.Tests.SubmitOrderTest@5d0bf09b]" started-at="2024-04-02T12:35:16 IST" name="launchApplication" finished-at="2024-04-02T12:35:19 IST" duration-ms="2514" status="PASS">
          <reporter-output>
          </reporter-output>
        </test-method> <!-- launchApplication -->
        <test-method signature="OrderHistoryTest()[pri:0, instance:ShriramAcademy.Tests.SubmitOrderTest@5d0bf09b]" started-at="2024-04-02T12:35:19 IST" name="OrderHistoryTest" finished-at="2024-04-02T12:35:20 IST" depends-on-methods="ShriramAcademy.Tests.SubmitOrderTest.submitOrder" duration-ms="950" status="PASS">
          <reporter-output>
          </reporter-output>
        </test-method> <!-- OrderHistoryTest -->
        <test-method is-config="true" signature="tearDown()[pri:0, instance:ShriramAcademy.Tests.SubmitOrderTest@5d0bf09b]" started-at="2024-04-02T12:35:20 IST" name="tearDown" finished-at="2024-04-02T12:35:20 IST" duration-ms="361" status="PASS">
          <reporter-output>
          </reporter-output>
        </test-method> <!-- tearDown -->
      </class> <!-- ShriramAcademy.Tests.SubmitOrderTest -->
    </test> <!-- Default test -->
  </suite> <!-- Default suite -->
</testng-results>
